# JRE version: OpenJDK Runtime Environment (7.0_65-b32) (build 1.7.0_65-b32)
# Java VM: OpenJDK 64-Bit Server VM (24.65-b04 mixed mode linux-amd64 compressed oops)
Heap
 PSYoungGen      total 111616K, used 12114K [0x00000000eaa80000, 0x00000000f2a80000, 0x0000000100000000)
  eden space 94208K, 0% used [0x00000000eaa80000,0x00000000eaa80000,0x00000000f0680000)
  from space 17408K, 69% used [0x00000000f0680000,0x00000000f1254818,0x00000000f1780000)
  to   space 15360K, 0% used [0x00000000f1780000,0x00000000f1780000,0x00000000f2680000)
 ParOldGen       total 40960K, used 37138K [0x00000000c0000000, 0x00000000c2800000, 0x00000000eaa80000)
  object space 40960K, 90% used [0x00000000c0000000,0x00000000c2444a80,0x00000000c2800000)
 PSPermGen       total 21504K, used 6284K [0x00000000b5a00000, 0x00000000b6f00000, 0x00000000c0000000)
  object space 21504K, 29% used [0x00000000b5a00000,0x00000000b60231b0,0x00000000b6f00000)
GC Heap History (10 events):
Event: 11.283 GC heap after
Heap after GC invocations=6 (full 0):
 PSYoungGen      total 36864K, used 5602K [0x00000000eaa80000, 0x00000000ed580000, 0x0000000100000000)
  eden space 31232K, 0% used [0x00000000eaa80000,0x00000000eaa80000,0x00000000ec900000)
  from space 5632K, 99% used [0x00000000ecf00000,0x00000000ed478968,0x00000000ed480000)
  to   space 6144K, 0% used [0x00000000ec900000,0x00000000ec900000,0x00000000ecf00000)
 ParOldGen       total 40960K, used 10591K [0x00000000c0000000, 0x00000000c2800000, 0x00000000eaa80000)
  object space 40960K, 25% used [0x00000000c0000000,0x00000000c0a57c50,0x00000000c2800000)
 PSPermGen       total 21504K, used 5864K [0x00000000b5a00000, 0x00000000b6f00000, 0x00000000c0000000)
  object space 21504K, 27% used [0x00000000b5a00000,0x00000000b5fba2f8,0x00000000b6f00000)
}
Event: 12.679 GC heap before
{Heap before GC invocations=7 (full 0):
 PSYoungGen      total 36864K, used 36834K [0x00000000eaa80000, 0x00000000ed580000, 0x0000000100000000)
  eden space 31232K, 100% used [0x00000000eaa80000,0x00000000ec900000,0x00000000ec900000)
  from space 5632K, 99% used [0x00000000ecf00000,0x00000000ed478968,0x00000000ed480000)
  to   space 6144K, 0% used [0x00000000ec900000,0x00000000ec900000,0x00000000ecf00000)
 ParOldGen       total 40960K, used 10591K [0x00000000c0000000, 0x00000000c2800000, 0x00000000eaa80000)
  object space 40960K, 25% used [0x00000000c0000000,0x00000000c0a57c50,0x00000000c2800000)
 PSPermGen       total 21504K, used 5885K [0x00000000b5a00000, 0x00000000b6f00000, 0x00000000c0000000)
  object space 21504K, 27% used [0x00000000b5a00000,0x00000000b5fbf6c0,0x00000000b6f00000)
Event: 13.912 GC heap after
Heap after GC invocations=7 (full 0):
 PSYoungGen      total 37376K, used 6139K [0x00000000eaa80000, 0x00000000ef880000, 0x0000000100000000)
  eden space 31232K, 0% used [0x00000000eaa80000,0x00000000eaa80000,0x00000000ec900000)
  from space 6144K, 99% used [0x00000000ec900000,0x00000000ecefef28,0x00000000ecf00000)
  to   space 8704K, 0% used [0x00000000ef000000,0x00000000ef000000,0x00000000ef880000)
 ParOldGen       total 40960K, used 15013K [0x00000000c0000000, 0x00000000c2800000, 0x00000000eaa80000)
  object space 40960K, 36% used [0x00000000c0000000,0x00000000c0ea9428,0x00000000c2800000)
 PSPermGen       total 21504K, used 5885K [0x00000000b5a00000, 0x00000000b6f00000, 0x00000000c0000000)
  object space 21504K, 27% used [0x00000000b5a00000,0x00000000b5fbf6c0,0x00000000b6f00000)
}
Event: 14.153 GC heap before
{Heap before GC invocations=8 (full 0):
 PSYoungGen      total 37376K, used 37371K [0x00000000eaa80000, 0x00000000ef880000, 0x0000000100000000)
  eden space 31232K, 100% used [0x00000000eaa80000,0x00000000ec900000,0x00000000ec900000)
  from space 6144K, 99% used [0x00000000ec900000,0x00000000ecefef28,0x00000000ecf00000)
  to   space 8704K, 0% used [0x00000000ef000000,0x00000000ef000000,0x00000000ef880000)
 ParOldGen       total 40960K, used 15013K [0x00000000c0000000, 0x00000000c2800000, 0x00000000eaa80000)
  object space 40960K, 36% used [0x00000000c0000000,0x00000000c0ea9428,0x00000000c2800000)
 PSPermGen       total 21504K, used 5905K [0x00000000b5a00000, 0x00000000b6f00000, 0x00000000c0000000)
  object space 21504K, 27% used [0x00000000b5a00000,0x00000000b5fc4658,0x00000000b6f00000)
Event: 15.610 GC heap after
Heap after GC invocations=8 (full 0):
 PSYoungGen      total 68608K, used 8703K [0x00000000eaa80000, 0x00000000efd80000, 0x0000000100000000)
  eden space 59904K, 0% used [0x00000000eaa80000,0x00000000eaa80000,0x00000000ee500000)
  from space 8704K, 99% used [0x00000000ef000000,0x00000000ef87fe40,0x00000000ef880000)
  to   space 11264K, 0% used [0x00000000ee500000,0x00000000ee500000,0x00000000ef000000)
 ParOldGen       total 40960K, used 18344K [0x00000000c0000000, 0x00000000c2800000, 0x00000000eaa80000)
  object space 40960K, 44% used [0x00000000c0000000,0x00000000c11ea150,0x00000000c2800000)
 PSPermGen       total 21504K, used 5905K [0x00000000b5a00000, 0x00000000b6f00000, 0x00000000c0000000)
  object space 21504K, 27% used [0x00000000b5a00000,0x00000000b5fc4658,0x00000000b6f00000)
}
Event: 18.416 GC heap before
{Heap before GC invocations=9 (full 0):
 PSYoungGen      total 68608K, used 68607K [0x00000000eaa80000, 0x00000000efd80000, 0x0000000100000000)
  eden space 59904K, 100% used [0x00000000eaa80000,0x00000000ee500000,0x00000000ee500000)
  from space 8704K, 99% used [0x00000000ef000000,0x00000000ef87fe40,0x00000000ef880000)
  to   space 11264K, 0% used [0x00000000ee500000,0x00000000ee500000,0x00000000ef000000)
 ParOldGen       total 40960K, used 18344K [0x00000000c0000000, 0x00000000c2800000, 0x00000000eaa80000)
  object space 40960K, 44% used [0x00000000c0000000,0x00000000c11ea150,0x00000000c2800000)
 PSPermGen       total 21504K, used 5932K [0x00000000b5a00000, 0x00000000b6f00000, 0x00000000c0000000)
  object space 21504K, 27% used [0x00000000b5a00000,0x00000000b5fcb2b8,0x00000000b6f00000)
Event: 20.156 GC heap after
Heap after GC invocations=9 (full 0):
 PSYoungGen      total 71168K, used 11261K [0x00000000eaa80000, 0x00000000f2680000, 0x0000000100000000)
  eden space 59904K, 0% used [0x00000000eaa80000,0x00000000eaa80000,0x00000000ee500000)
  from space 11264K, 99% used [0x00000000ee500000,0x00000000eefff678,0x00000000ef000000)
  to   space 15360K, 0% used [0x00000000f1780000,0x00000000f1780000,0x00000000f2680000)
 ParOldGen       total 40960K, used 25033K [0x00000000c0000000, 0x00000000c2800000, 0x00000000eaa80000)
  object space 40960K, 61% used [0x00000000c0000000,0x00000000c1872590,0x00000000c2800000)
 PSPermGen       total 21504K, used 5932K [0x00000000b5a00000, 0x00000000b6f00000, 0x00000000c0000000)
  object space 21504K, 27% used [0x00000000b5a00000,0x00000000b5fcb2b8,0x00000000b6f00000)
}
Event: 21.696 GC heap before
{Heap before GC invocations=10 (full 0):
 PSYoungGen      total 71168K, used 71165K [0x00000000eaa80000, 0x00000000f2680000, 0x0000000100000000)
  eden space 59904K, 100% used [0x00000000eaa80000,0x00000000ee500000,0x00000000ee500000)
  from space 11264K, 99% used [0x00000000ee500000,0x00000000eefff678,0x00000000ef000000)
  to   space 15360K, 0% used [0x00000000f1780000,0x00000000f1780000,0x00000000f2680000)
 ParOldGen       total 40960K, used 25033K [0x00000000c0000000, 0x00000000c2800000, 0x00000000eaa80000)
  object space 40960K, 61% used [0x00000000c0000000,0x00000000c1872590,0x00000000c2800000)
 PSPermGen       total 21504K, used 5953K [0x00000000b5a00000, 0x00000000b6f00000, 0x00000000c0000000)
  object space 21504K, 27% used [0x00000000b5a00000,0x00000000b5fd06e0,0x00000000b6f00000)
Event: 25.149 GC heap after
Heap after GC invocations=10 (full 0):
 PSYoungGen      total 109568K, used 14529K [0x00000000eaa80000, 0x00000000f2a80000, 0x0000000100000000)
  eden space 94208K, 0% used [0x00000000eaa80000,0x00000000eaa80000,0x00000000f0680000)
  from space 15360K, 94% used [0x00000000f1780000,0x00000000f25b0570,0x00000000f2680000)
  to   space 17408K, 0% used [0x00000000f0680000,0x00000000f0680000,0x00000000f1780000)
 ParOldGen       total 40960K, used 30451K [0x00000000c0000000, 0x00000000c2800000, 0x00000000eaa80000)
  object space 40960K, 74% used [0x00000000c0000000,0x00000000c1dbce30,0x00000000c2800000)
 PSPermGen       total 21504K, used 5953K [0x00000000b5a00000, 0x00000000b6f00000, 0x00000000c0000000)
  object space 21504K, 27% used [0x00000000b5a00000,0x00000000b5fd06e0,0x00000000b6f00000)
}
Event: 40.279 GC heap before
{Heap before GC invocations=11 (full 0):
 PSYoungGen      total 109568K, used 108737K [0x00000000eaa80000, 0x00000000f2a80000, 0x0000000100000000)
  eden space 94208K, 100% used [0x00000000eaa80000,0x00000000f0680000,0x00000000f0680000)
  from space 15360K, 94% used [0x00000000f1780000,0x00000000f25b0570,0x00000000f2680000)
  to   space 17408K, 0% used [0x00000000f0680000,0x00000000f0680000,0x00000000f1780000)
 ParOldGen       total 40960K, used 30451K [0x00000000c0000000, 0x00000000c2800000, 0x00000000eaa80000)
  object space 40960K, 74% used [0x00000000c0000000,0x00000000c1dbce30,0x00000000c2800000)
 PSPermGen       total 21504K, used 6284K [0x00000000b5a00000, 0x00000000b6f00000, 0x00000000c0000000)
  object space 21504K, 29% used [0x00000000b5a00000,0x00000000b60231b0,0x00000000b6f00000)

